[INFO ] [2022-09-03 11:53:11,066] Register - Step 1: Click to register link
[INFO ] [2022-09-03 11:53:12,044] Register - Step 2: Input customer info
[INFO ] [2022-09-03 11:53:12,358] Register - Step 3: Click to register button
[INFO ] [2022-09-03 11:53:13,476] Register - Step 4: Verify register success
[INFO ] [2022-09-03 11:53:13,517]  -------------------------- FAILED -------------------------- 
[INFO ] [2022-09-03 11:53:13,517] Register - Step 5: Click to logout link
[INFO ] [2022-09-03 11:53:14,390] Login - Step 01: Click to login link
[INFO ] [2022-09-03 11:53:14,921] Login - Step 02: Input existing email and password
[INFO ] [2022-09-03 11:53:15,157] Login - Step 03: Click to login button
[INFO ] [2022-09-03 11:53:16,342] Login - Step 04: Verify login success
[INFO ] [2022-09-03 11:53:16,383]  -------------------------- FAILED -------------------------- 
[INFO ] [2022-09-03 11:53:16,384] Customer info - Step 01: Click to my account link
[INFO ] [2022-09-03 11:53:25,465] Customer info - Step 02: Verify customer info page display
[INFO ] [2022-09-03 11:53:25,510]  -------------------------- FAILED -------------------------- 
[INFO ] [2022-09-03 12:00:54,153] MyAccount - Step 01: Click to My Account link
[INFO ] [2022-09-03 12:01:12,834] Register - Step 1: Click to register link
[INFO ] [2022-09-03 12:01:21,267] Login - Step 01: Click to login link
[INFO ] [2022-09-03 12:01:21,283] OS name = mac os x
[INFO ] [2022-09-03 12:01:21,283] Driver instance name = firefoxdriver: firefox on mac (d0ceceba-2f66-41e8-8c37-2d9ecaab2ee8)
[INFO ] [2022-09-03 12:01:21,288] Tried to run command without establishing a connection
Build info: version: '3.141.59', revision: 'e82be7d358', time: '2018-11-14T08:25:53'
System info: host: 'MacBook-Pro-cua-Nguyen.local', ip: '2402:800:61ac:f7e4:0:0:0:1%en0', os.name: 'Mac OS X', os.arch: 'x86_64', os.version: '10.16', java.version: '11.0.11'
Driver info: org.openqa.selenium.firefox.FirefoxDriver
Capabilities {acceptInsecureCerts: true, browserName: firefox, browserVersion: 104.0.1, javascriptEnabled: true, moz:accessibilityChecks: false, moz:buildID: 20220829141339, moz:geckodriverVersion: 0.31.0, moz:headless: false, moz:platformVersion: 21.6.0, moz:processID: 2997, moz:profile: /var/folders/cs/gbwwxkjx0px..., moz:shutdownTimeout: 60000, moz:useNonSpecCompliantPointerOrigin: false, moz:webdriverClick: true, moz:windowless: false, pageLoadStrategy: normal, platform: MAC, platformName: MAC, proxy: Proxy(), setWindowRect: true, strictFileInteractability: false, timeouts: {implicit: 0, pageLoad: 300000, script: 30000}, unhandledPromptBehavior: dismiss and notify}
Session ID: d0ceceba-2f66-41e8-8c37-2d9ecaab2ee8
[INFO ] [2022-09-03 12:02:56,364] Register - Step 1: Click to register link
[INFO ] [2022-09-03 12:02:59,226] Register - Step 3: Click to register button
[INFO ] [2022-09-03 12:03:00,190] Register - Step 4: Verify register success
[INFO ] [2022-09-03 12:03:00,235] Register - Step 5: Click to logout link
[INFO ] [2022-09-03 12:03:01,228] Login - Step 01: Click to login link
[INFO ] [2022-09-03 12:03:01,882] Login - Step 02: Input existing email and password
[INFO ] [2022-09-03 12:03:01,984] Login - Step 03: Click to login button
[INFO ] [2022-09-03 12:03:02,760] Login - Step 04: Verify login success
[INFO ] [2022-09-03 12:03:02,804]  -------------------------- PASSED -------------------------- 
[INFO ] [2022-09-03 12:03:02,817] MyAccount - Step 01: Click to My Account link
[INFO ] [2022-09-03 12:03:03,511] My account - Step 02: Verify Customer Info page is displayed
[INFO ] [2022-09-03 12:03:03,553]  -------------------------- PASSED -------------------------- 
[INFO ] [2022-09-03 12:03:03,553] My account - Step 03: Verify 'First Name' value is corrrectly
[INFO ] [2022-09-03 12:03:03,588] My account - Step 03: Verify 'Last Name' value is corrrectly
[INFO ] [2022-09-03 12:03:03,617] My account - Step 03: Verify 'Email' value is corrrectly
[INFO ] [2022-09-03 12:03:03,679] OS name = mac os x
[INFO ] [2022-09-03 12:03:03,679] Driver instance name = firefoxdriver: firefox on mac (f786972a-c89b-44f7-9da1-9ed573486385)
[INFO ] [2022-09-12 21:30:20,573] Pre-condition - Step 01: Open browser and admin Url
[INFO ] [2022-09-12 21:30:24,534] Pre-condition - Step 02: Enter to Username text box with value automationfc
[INFO ] [2022-09-12 21:30:24,703] Pre-condition - Step 03: Enter to Password text box with value automationfc
[INFO ] [2022-09-12 21:30:24,761] Pre-condition - Step 04: Click to Login button
[INFO ] [2022-09-12 21:30:25,612] Create_Post - Step 01: Click to 'Posts' menu link
[INFO ] [2022-09-12 21:30:25,934] Create_Post - Step 02: Get 'Search Posts' page Url
[INFO ] [2022-09-12 21:30:25,941] Create_Post - Step 03: Click to 'Add new' button
[INFO ] [2022-09-12 21:30:26,591] Create_Post - Step 3-2: Click to close button at popup
[INFO ] [2022-09-12 21:30:29,890] Create_Post - Step 04: Enter to post title
[INFO ] [2022-09-12 21:30:30,155] Create_Post - Step 05: Enter to post body
[INFO ] [2022-09-12 21:30:31,241] Create_Post - Step 06: Click to 'Publish' button
[INFO ] [2022-09-12 21:30:31,577] Create_Post - Step 07: Click to 'Pre-Publish' button
[INFO ] [2022-09-12 21:30:31,852] Create_Post - Step 08: Verify 'Post updated.' message is displayed
[INFO ] [2022-09-12 21:30:31,902]  -------------------------- PASSED -------------------------- 
[INFO ] [2022-09-12 21:30:32,027] Search_Post - Step 01: Open 'Search Post' page
[INFO ] [2022-09-12 21:30:32,421] OS name = mac os x
[INFO ] [2022-09-12 21:30:32,421] Driver instance name = firefoxdriver: firefox on mac (6f6748ec-d287-46cb-b0c6-9e951a9ed530)
[INFO ] [2022-09-14 10:20:33,678] Pre-condition - Step 01: Open browser and admin site
[INFO ] [2022-09-14 10:20:37,633] OS name = windows 10
[INFO ] [2022-09-14 10:20:37,634] 
[INFO ] [2022-09-14 10:21:03,818] Pre-condition - Step 01: Open browser and admin site
[INFO ] [2022-09-14 10:21:15,177] Pre-condition - Step 02: Enter to Username text box with value automationfc
[INFO ] [2022-09-14 10:21:15,537] Pre-condition - Step 03: Enter to Password text box with value automationfc
[INFO ] [2022-09-14 10:21:15,640] Pre-condition - Step 04: Click to Login button
[INFO ] [2022-09-14 10:21:20,870] Create_Post - Step 01: Click to 'Posts' menu link
[INFO ] [2022-09-14 10:21:24,630] Create_Post - Step 02: Get 'Search Posts' page Url
[INFO ] [2022-09-14 10:21:24,636] Create_Post - Step 03: Click to 'Add new' button
[INFO ] [2022-09-14 10:21:29,992] Create_Post - Step 3-2: Click to close button at popup
[INFO ] [2022-09-14 10:21:33,397] Create_Post - Step 04: Enter to post title
[INFO ] [2022-09-14 10:21:34,407] Create_Post - Step 05: Enter to post body
[INFO ] [2022-09-14 10:21:36,288] Create_Post - Step 06: Click to 'Publish' button
[INFO ] [2022-09-14 10:21:36,763] Create_Post - Step 07: Click to 'Pre-Publish' button
[INFO ] [2022-09-14 10:21:37,220] Create_Post - Step 08: Verify 'Post updated.' message is displayed
[INFO ] [2022-09-14 10:21:38,341]  -------------------------- PASSED -------------------------- 
[INFO ] [2022-09-14 10:21:38,522] Search_Post - Step 01: Open 'Search Post' page
[INFO ] [2022-09-14 10:21:41,053] Search_Post - Step 02: Enter to search post textbox
[INFO ] [2022-09-14 10:21:41,257] Search_Post - Step 03: Click to 'Search Posts' button
[INFO ] [2022-09-14 10:21:43,197] Search_Post - Step 04: Verify search table contain 'Live Coding Title5955'
[INFO ] [2022-09-14 10:21:43,339]  -------------------------- PASSED -------------------------- 
[INFO ] [2022-09-14 10:21:43,339] Search_Post - Step 05: Verify search table contain 'Automation Admin'
[INFO ] [2022-09-14 10:21:43,448]  -------------------------- PASSED -------------------------- 
[INFO ] [2022-09-14 10:21:43,449] Search_Post - Step 06: Open End User Site
[INFO ] [2022-09-14 10:21:44,862] Search_Post - Step 07: Verify Post info displayed at Home page
[INFO ] [2022-09-14 10:21:44,944]  -------------------------- PASSED -------------------------- 
[INFO ] [2022-09-14 10:21:45,054]  -------------------------- PASSED -------------------------- 
[INFO ] [2022-09-14 10:21:45,137]  -------------------------- PASSED -------------------------- 
[INFO ] [2022-09-14 10:21:45,210]  -------------------------- PASSED -------------------------- 
[INFO ] [2022-09-14 10:21:45,210] Search_Post - Step 08: Click to Post tittle
[INFO ] [2022-09-14 10:21:46,152] Search_Post - Step 09: Verify Post info displayed at Post detail page
[INFO ] [2022-09-14 10:21:46,242]  -------------------------- PASSED -------------------------- 
[INFO ] [2022-09-14 10:21:46,334]  -------------------------- PASSED -------------------------- 
[INFO ] [2022-09-14 10:21:46,442]  -------------------------- PASSED -------------------------- 
[INFO ] [2022-09-14 10:21:46,556]  -------------------------- PASSED -------------------------- 
[INFO ] [2022-09-14 10:21:46,571] OS name = windows 10
[INFO ] [2022-09-14 10:21:46,571] Driver instance name = firefoxdriver: firefox on windows (97e0cfb1-1f1e-441b-ac31-ffeb0ddce1e2)
[INFO ] [2022-09-14 11:20:09,986] Pre-condition - Step 01: Open browser and admin site
[INFO ] [2022-09-14 11:20:18,883] Pre-condition - Step 02: Enter to Username text box with value automationfc
[INFO ] [2022-09-14 11:20:19,230] Pre-condition - Step 03: Enter to Password text box with value automationfc
[INFO ] [2022-09-14 11:20:19,349] Pre-condition - Step 04: Click to Login button
[INFO ] [2022-09-14 11:20:21,848] Create_Post - Step 01: Click to 'Posts' menu link
[INFO ] [2022-09-14 11:20:23,739] Create_Post - Step 02: Get 'Search Posts' page Url
[INFO ] [2022-09-14 11:20:23,747] Create_Post - Step 03: Click to 'Add new' button
[INFO ] [2022-09-14 11:20:26,599] Create_Post - Step 3-2: Click to close button at popup
[INFO ] [2022-09-14 11:20:29,984] Create_Post - Step 04: Enter to post title
[INFO ] [2022-09-14 11:20:30,446] Create_Post - Step 05: Enter to post body
[INFO ] [2022-09-14 11:20:31,306] Create_Post - Step 06: Enter to post body
[INFO ] [2022-09-14 11:20:31,836] Create_Post - Step 07: Click to 'Publish' button
[INFO ] [2022-09-14 11:20:32,307] Create_Post - Step 08: Click to 'Pre-Publish' button
[INFO ] [2022-09-14 11:20:32,671] Create_Post - Step 09: Verify 'Post published.' message is displayed
[INFO ] [2022-09-14 11:20:33,748]  -------------------------- PASSED -------------------------- 
[INFO ] [2022-09-14 11:20:33,935] Search_Post - Step 01: Open 'Search Post' page
[INFO ] [2022-09-14 11:20:35,864] Search_Post - Step 02: Enter to search post textbox
[INFO ] [2022-09-14 11:20:36,008] Search_Post - Step 03: Click to 'Search Posts' button
[INFO ] [2022-09-14 11:20:37,552] Search_Post - Step 04: Verify search table contain 'Live Coding Title3977'
[INFO ] [2022-09-14 11:20:37,665]  -------------------------- PASSED -------------------------- 
[INFO ] [2022-09-14 11:20:37,665] Search_Post - Step 05: Verify search table contain 'Automation Admin'
[INFO ] [2022-09-14 11:20:37,755]  -------------------------- PASSED -------------------------- 
[INFO ] [2022-09-14 11:20:37,755] Search_Post - Step 06: Open End User Site
[INFO ] [2022-09-14 11:20:39,067] Search_Post - Step 07: Verify Post info displayed at Home page
[INFO ] [2022-09-14 11:20:39,155]  -------------------------- PASSED -------------------------- 
[INFO ] [2022-09-14 11:20:39,230]  -------------------------- PASSED -------------------------- 
[INFO ] [2022-09-14 11:20:39,294]  -------------------------- PASSED -------------------------- 
[INFO ] [2022-09-14 11:20:39,385]  -------------------------- PASSED -------------------------- 
[INFO ] [2022-09-14 11:20:39,385] Search_Post - Step 08: Click to Post tittle
[INFO ] [2022-09-14 11:20:40,162] Search_Post - Step 09: Verify Post info displayed at Post detail page
[INFO ] [2022-09-14 11:20:40,236]  -------------------------- PASSED -------------------------- 
[INFO ] [2022-09-14 11:20:40,313]  -------------------------- PASSED -------------------------- 
[INFO ] [2022-09-14 11:20:40,375]  -------------------------- PASSED -------------------------- 
[INFO ] [2022-09-14 11:20:40,436]  -------------------------- PASSED -------------------------- 
[INFO ] [2022-09-14 11:20:40,453] Edit_Post - Step 01: Open Admin site
[INFO ] [2022-09-14 11:20:41,394] Edit_Post - Step 02: Click to 'Posts' menu link
[INFO ] [2022-09-14 11:20:42,362] Edit_Post - Step 03: Enter to search post textbox
[INFO ] [2022-09-14 11:20:42,514] Edit_Post - Step 04: Click to 'Search Posts' button
[INFO ] [2022-09-14 11:20:44,092] Edit_Post - Step 05: Click to Post title link and navigate to edit post page
[INFO ] [2022-09-14 11:20:45,988] Edit_Post - Step 06: Enter to post title
[INFO ] [2022-09-14 11:20:46,741] Edit_Post - Step 07: Enter to post body
[INFO ] [2022-09-14 11:20:48,087] Edit_Post - Step 08: Click to 'Update' button
[INFO ] [2022-09-14 11:20:48,595] Edit_Post - Step 09: Verify 'Post updated.' message is displayed
[INFO ] [2022-09-14 11:20:50,166]  -------------------------- PASSED -------------------------- 
[INFO ] [2022-09-14 11:20:50,170] OS name = windows 10
[INFO ] [2022-09-14 11:20:50,171] Driver instance name = firefoxdriver: firefox on windows (afdc1776-d70b-4435-b6c4-fe619ae8a8c7)
[INFO ] [2022-09-14 15:11:14,123] Pre-condition - Step 01: Open browser and admin site
[INFO ] [2022-09-14 15:11:26,835] Pre-condition - Step 02: Enter to Username text box with value automationfc
[INFO ] [2022-09-14 15:11:27,092] Pre-condition - Step 03: Enter to Password text box with value automationfc
[INFO ] [2022-09-14 15:11:27,374] Pre-condition - Step 04: Click to Login button
[INFO ] [2022-09-14 15:11:31,359] Create_Post - Step 01: Click to 'Posts' menu link
[INFO ] [2022-09-14 15:11:33,936] Create_Post - Step 02: Get 'Search Posts' page Url
[INFO ] [2022-09-14 15:11:33,940] Create_Post - Step 03: Click to 'Add new' button
[INFO ] [2022-09-14 15:11:39,284] Create_Post - Step 3-2: Click to close button at popup
[INFO ] [2022-09-14 15:11:42,665] Create_Post - Step 04: Enter to post title
[INFO ] [2022-09-14 15:11:43,874] Create_Post - Step 05: Enter to post body
[INFO ] [2022-09-14 15:11:44,729] Create_Post - Step 06: Enter to post body
[INFO ] [2022-09-14 15:11:46,256] Create_Post - Step 07: Click to 'Publish' button
[INFO ] [2022-09-14 15:11:46,893] Create_Post - Step 08: Click to 'Pre-Publish' button
[INFO ] [2022-09-14 15:11:47,302] Create_Post - Step 09: Verify 'Post published.' message is displayed
[INFO ] [2022-09-14 15:11:48,778]  -------------------------- PASSED -------------------------- 
[INFO ] [2022-09-14 15:11:48,980] Create_Post - Step 01: Click to 'Posts' menu link
[INFO ] [2022-09-14 15:12:19,440] Create_Post - Step 01: Click to 'Posts' menu link
[INFO ] [2022-09-14 15:12:50,067] OS name = windows 10
[INFO ] [2022-09-14 15:12:50,067] Driver instance name = firefoxdriver: firefox on windows (8c92d3cc-005f-4082-8927-3e2c070b9df7)
[INFO ] [2022-09-14 15:13:41,539] Pre-condition - Step 01: Open browser and admin site
[INFO ] [2022-09-14 15:13:48,492] Pre-condition - Step 02: Enter to Username text box with value automationfc
[INFO ] [2022-09-14 15:13:48,833] Pre-condition - Step 03: Enter to Password text box with value automationfc
[INFO ] [2022-09-14 15:13:48,943] Pre-condition - Step 04: Click to Login button
[INFO ] [2022-09-14 15:13:50,968] Create_Post - Step 01: Click to 'Posts' menu link
[INFO ] [2022-09-14 15:13:52,845] Create_Post - Step 02: Get 'Search Posts' page Url
[INFO ] [2022-09-14 15:13:52,851] Create_Post - Step 03: Click to 'Add new' button
[INFO ] [2022-09-14 15:13:56,002] Create_Post - Step 3-2: Click to close button at popup
[INFO ] [2022-09-14 15:13:59,422] Create_Post - Step 04: Enter to post title
[INFO ] [2022-09-14 15:13:59,883] Create_Post - Step 05: Enter to post body
[INFO ] [2022-09-14 15:14:00,752] Create_Post - Step 06: Enter to post body
[INFO ] [2022-09-14 15:14:01,225] Create_Post - Step 07: Click to 'Publish' button
[INFO ] [2022-09-14 15:14:01,629] Create_Post - Step 08: Click to 'Pre-Publish' button
[INFO ] [2022-09-14 15:14:01,999] Create_Post - Step 09: Verify 'Post published.' message is displayed
[INFO ] [2022-09-14 15:14:03,032]  -------------------------- PASSED -------------------------- 
[INFO ] [2022-09-14 15:14:03,032] Search_Post - Step 01: Open 'Search Post' page
[INFO ] [2022-09-14 15:14:05,191] Create_Post - Step 01: Click to 'Posts' menu link
[INFO ] [2022-09-14 15:14:06,261] Create_Post - Step 02: Get 'Search Posts' page Url
[INFO ] [2022-09-14 15:14:06,266] Create_Post - Step 03: Click to 'Add new' button
[INFO ] [2022-09-14 15:14:08,352] Create_Post - Step 3-2: Click to close button at popup
[INFO ] [2022-09-14 15:14:41,517] Create_Post - Step 01: Click to 'Posts' menu link
[INFO ] [2022-09-14 15:15:11,734] OS name = windows 10
[INFO ] [2022-09-14 15:15:11,734] Driver instance name = firefoxdriver: firefox on windows (5f0f9b93-5754-45c9-83e3-35e69d210b30)
[INFO ] [2022-09-14 15:17:46,281] Pre-condition - Step 01: Open browser and admin site
[INFO ] [2022-09-14 15:17:54,214] Pre-condition - Step 02: Enter to Username text box with value automationfc
[INFO ] [2022-09-14 15:17:54,480] Pre-condition - Step 03: Enter to Password text box with value automationfc
[INFO ] [2022-09-14 15:17:54,585] Pre-condition - Step 04: Click to Login button
[INFO ] [2022-09-14 15:17:56,733] Create_Post - Step 01: Click to 'Posts' menu link
[INFO ] [2022-09-14 15:17:58,432] Create_Post - Step 02: Get 'Search Posts' page Url
[INFO ] [2022-09-14 15:17:58,437] Create_Post - Step 03: Click to 'Add new' button
[INFO ] [2022-09-14 15:18:00,924] Create_Post - Step 3-2: Click to close button at popup
[INFO ] [2022-09-14 15:18:04,346] Create_Post - Step 04: Enter to post title
[INFO ] [2022-09-14 15:18:04,771] Create_Post - Step 05: Enter to post body
[INFO ] [2022-09-14 15:18:05,625] Create_Post - Step 06: Enter to post body
[INFO ] [2022-09-14 15:18:06,233] Create_Post - Step 07: Click to 'Publish' button
[INFO ] [2022-09-14 15:18:06,693] Create_Post - Step 08: Click to 'Pre-Publish' button
[INFO ] [2022-09-14 15:18:07,054] Create_Post - Step 09: Verify 'Post published.' message is displayed
[INFO ] [2022-09-14 15:18:08,107]  -------------------------- PASSED -------------------------- 
[INFO ] [2022-09-14 15:18:08,107] Search_Post - Step 01: Open 'Search Post' page
[INFO ] [2022-09-14 15:18:09,298] Create_Post - Step 01: Click to 'Posts' menu link
[INFO ] [2022-09-14 15:18:10,561] Create_Post - Step 02: Get 'Search Posts' page Url
[INFO ] [2022-09-14 15:18:10,564] Create_Post - Step 03: Click to 'Add new' button
[INFO ] [2022-09-14 15:18:12,733] Create_Post - Step 04: Enter to post title
[INFO ] [2022-09-14 15:18:13,607] Create_Post - Step 05: Enter to post body
[INFO ] [2022-09-14 15:18:14,574] Create_Post - Step 06: Enter to post body
[INFO ] [2022-09-14 15:18:15,903] Create_Post - Step 07: Click to 'Publish' button
[INFO ] [2022-09-14 15:18:16,808] Create_Post - Step 08: Click to 'Pre-Publish' button
[INFO ] [2022-09-14 15:18:17,242] Create_Post - Step 09: Verify 'Post published.' message is displayed
[INFO ] [2022-09-14 15:18:18,249]  -------------------------- PASSED -------------------------- 
[INFO ] [2022-09-14 15:18:18,250] Search_Post - Step 01: Open 'Search Post' page
[INFO ] [2022-09-14 15:18:20,227] Create_Post - Step 01: Click to 'Posts' menu link
[INFO ] [2022-09-14 15:18:21,320] Create_Post - Step 02: Get 'Search Posts' page Url
[INFO ] [2022-09-14 15:18:21,325] Create_Post - Step 03: Click to 'Add new' button
[INFO ] [2022-09-14 15:18:23,210] Create_Post - Step 04: Enter to post title
[INFO ] [2022-09-14 15:18:24,165] Create_Post - Step 05: Enter to post body
[INFO ] [2022-09-14 15:18:25,148] Create_Post - Step 06: Enter to post body
[INFO ] [2022-09-14 15:18:26,604] Create_Post - Step 07: Click to 'Publish' button
[INFO ] [2022-09-14 15:18:27,442] Create_Post - Step 08: Click to 'Pre-Publish' button
[INFO ] [2022-09-14 15:18:27,880] Create_Post - Step 09: Verify 'Post published.' message is displayed
[INFO ] [2022-09-14 15:18:28,969]  -------------------------- PASSED -------------------------- 
[INFO ] [2022-09-14 15:18:28,970] Search_Post - Step 01: Open 'Search Post' page
[INFO ] [2022-09-14 15:18:29,883] Create_Post - Step 01: Click to 'Posts' menu link
[INFO ] [2022-09-14 15:18:30,966] Create_Post - Step 02: Get 'Search Posts' page Url
[INFO ] [2022-09-14 15:18:30,969] Create_Post - Step 03: Click to 'Add new' button
[INFO ] [2022-09-14 15:18:32,997] Create_Post - Step 04: Enter to post title
[INFO ] [2022-09-14 15:18:33,831] Create_Post - Step 05: Enter to post body
[INFO ] [2022-09-14 15:18:34,727] Create_Post - Step 06: Enter to post body
[INFO ] [2022-09-14 15:18:36,292] Create_Post - Step 07: Click to 'Publish' button
[INFO ] [2022-09-14 15:18:37,120] Create_Post - Step 08: Click to 'Pre-Publish' button
[INFO ] [2022-09-14 15:18:37,518] Create_Post - Step 09: Verify 'Post published.' message is displayed
[INFO ] [2022-09-14 15:18:38,552]  -------------------------- PASSED -------------------------- 
[INFO ] [2022-09-14 15:18:38,552] Search_Post - Step 01: Open 'Search Post' page
[INFO ] [2022-09-14 15:18:40,236] OS name = windows 10
[INFO ] [2022-09-14 15:18:40,236] Driver instance name = firefoxdriver: firefox on windows (13f0cff7-ab7e-4c9a-a195-f43785816d14)
[INFO ] [2022-09-14 15:27:40,211] Pre-condition - Step 01: Open browser and admin site
[INFO ] [2022-09-14 15:27:46,729] Pre-condition - Step 02: Enter to Username text box with value automationfc
[INFO ] [2022-09-14 15:27:47,015] Pre-condition - Step 03: Enter to Password text box with value automationfc
[INFO ] [2022-09-14 15:27:47,134] Pre-condition - Step 04: Click to Login button
[INFO ] [2022-09-14 15:27:49,192] Create_Post - Step 01: Click to 'Posts' menu link
[INFO ] [2022-09-14 15:27:50,840] Create_Post - Step 02: Get 'Search Posts' page Url
[INFO ] [2022-09-14 15:27:50,844] Create_Post - Step 03: Click to 'Add new' button
[INFO ] [2022-09-14 15:27:53,226] Create_Post - Step 3-2: Click to close button at popup
[INFO ] [2022-09-14 15:27:56,649] Create_Post - Step 04: Enter to post title
[INFO ] [2022-09-14 15:27:57,107] Create_Post - Step 05: Enter to post body
[INFO ] [2022-09-14 15:27:57,918] Create_Post - Step 06: Enter to post body
[INFO ] [2022-09-14 15:27:58,296] Create_Post - Step 07: Click to 'Publish' button
[INFO ] [2022-09-14 15:27:58,759] Create_Post - Step 08: Click to 'Pre-Publish' button
[INFO ] [2022-09-14 15:27:59,138] Create_Post - Step 09: Verify 'Post published.' message is displayed
[INFO ] [2022-09-14 15:28:00,093]  -------------------------- PASSED -------------------------- 
[INFO ] [2022-09-14 15:28:00,093] Search_Post - Step 01: Open 'Search Post' page
[INFO ] [2022-09-14 15:28:02,243] Create_Post - Step 01: Click to 'Posts' menu link
[INFO ] [2022-09-14 15:28:03,200] Create_Post - Step 02: Get 'Search Posts' page Url
[INFO ] [2022-09-14 15:28:03,207] Create_Post - Step 03: Click to 'Add new' button
[INFO ] [2022-09-14 15:28:05,275] Create_Post - Step 04: Enter to post title
[INFO ] [2022-09-14 15:28:06,016] Create_Post - Step 05: Enter to post body
[INFO ] [2022-09-14 15:28:06,874] Create_Post - Step 06: Enter to post body
[INFO ] [2022-09-14 15:28:07,743] Create_Post - Step 07: Click to 'Publish' button
[INFO ] [2022-09-14 15:28:08,767] Create_Post - Step 08: Click to 'Pre-Publish' button
[INFO ] [2022-09-14 15:28:09,189] Create_Post - Step 09: Verify 'Post published.' message is displayed
[INFO ] [2022-09-14 15:28:10,552]  -------------------------- PASSED -------------------------- 
[INFO ] [2022-09-14 15:28:10,552] Search_Post - Step 01: Open 'Search Post' page
[INFO ] [2022-09-14 15:28:12,586] Create_Post - Step 01: Click to 'Posts' menu link
[INFO ] [2022-09-14 15:28:13,649] Create_Post - Step 02: Get 'Search Posts' page Url
[INFO ] [2022-09-14 15:28:13,656] Create_Post - Step 03: Click to 'Add new' button
[INFO ] [2022-09-14 15:28:15,727] Create_Post - Step 04: Enter to post title
[INFO ] [2022-09-14 15:28:16,452] Create_Post - Step 05: Enter to post body
[INFO ] [2022-09-14 15:28:17,312] Create_Post - Step 06: Enter to post body
[INFO ] [2022-09-14 15:28:18,316] Create_Post - Step 07: Click to 'Publish' button
[INFO ] [2022-09-14 15:28:19,278] Create_Post - Step 08: Click to 'Pre-Publish' button
[INFO ] [2022-09-14 15:28:19,826] Create_Post - Step 09: Verify 'Post published.' message is displayed
[INFO ] [2022-09-14 15:28:21,581]  -------------------------- PASSED -------------------------- 
[INFO ] [2022-09-14 15:28:21,581] Search_Post - Step 01: Open 'Search Post' page
[INFO ] [2022-09-14 15:28:23,646] Create_Post - Step 01: Click to 'Posts' menu link
[INFO ] [2022-09-14 15:28:24,631] Create_Post - Step 02: Get 'Search Posts' page Url
[INFO ] [2022-09-14 15:28:24,634] Create_Post - Step 03: Click to 'Add new' button
[INFO ] [2022-09-14 15:28:26,620] Create_Post - Step 04: Enter to post title
[INFO ] [2022-09-14 15:28:27,259] Create_Post - Step 05: Enter to post body
[INFO ] [2022-09-14 15:28:28,571] Create_Post - Step 06: Enter to post body
[INFO ] [2022-09-14 15:28:29,316] Create_Post - Step 07: Click to 'Publish' button
[INFO ] [2022-09-14 15:28:30,489] Create_Post - Step 08: Click to 'Pre-Publish' button
[INFO ] [2022-09-14 15:28:30,899] Create_Post - Step 09: Verify 'Post published.' message is displayed
[INFO ] [2022-09-14 15:28:32,115]  -------------------------- PASSED -------------------------- 
[INFO ] [2022-09-14 15:28:32,115] Search_Post - Step 01: Open 'Search Post' page
[INFO ] [2022-09-14 15:28:33,012] OS name = windows 10
[INFO ] [2022-09-14 15:28:33,012] Driver instance name = firefoxdriver: firefox on windows (3aabf881-fe1f-45cc-95e8-3dc9022e037f)
[INFO ] [2022-09-14 15:36:29,643] Pre-condition - Step 01: Open browser and admin site
[INFO ] [2022-09-14 15:36:36,047] Pre-condition - Step 02: Enter to Username text box with value automationfc
[INFO ] [2022-09-14 15:36:36,384] Pre-condition - Step 03: Enter to Password text box with value automationfc
[INFO ] [2022-09-14 15:36:36,480] Pre-condition - Step 04: Click to Login button
[INFO ] [2022-09-14 15:36:38,546] Create_Post - Step 01: Click to 'Posts' menu link
[INFO ] [2022-09-14 15:36:40,236] Create_Post - Step 02: Get 'Search Posts' page Url
[INFO ] [2022-09-14 15:36:40,242] Create_Post - Step 03: Click to 'Add new' button
[INFO ] [2022-09-14 15:36:42,876] Create_Post - Step 3-2: Click to close button at popup
[INFO ] [2022-09-14 15:36:46,228] Create_Post - Step 04: Enter to post title
[INFO ] [2022-09-14 15:36:46,757] Create_Post - Step 05: Enter to post body
[INFO ] [2022-09-14 15:36:47,595] Create_Post - Step 06: Enter to post body
[INFO ] [2022-09-14 15:36:48,136] Create_Post - Step 07: Click to 'Publish' button
[INFO ] [2022-09-14 15:36:48,491] Create_Post - Step 08: Click to 'Pre-Publish' button
[INFO ] [2022-09-14 15:36:49,041] Create_Post - Step 09: Verify 'Post published.' message is displayed
[INFO ] [2022-09-14 15:36:49,981]  -------------------------- PASSED -------------------------- 
[INFO ] [2022-09-14 15:36:49,982] Search_Post - Step 01: Open 'Search Post' page
[INFO ] [2022-09-14 15:36:51,116] Search_Post - Step 01: Open 'Search Post' page
[INFO ] [2022-09-14 15:36:52,098] Search_Post - Step 02: Enter to search post textbox
[INFO ] [2022-09-14 15:36:52,246] Search_Post - Step 03: Click to 'Search Posts' button
[INFO ] [2022-09-14 15:36:53,651] Search_Post - Step 04: Verify search table contain 'Live Coding Title4003'
[INFO ] [2022-09-14 15:36:53,782]  -------------------------- PASSED -------------------------- 
[INFO ] [2022-09-14 15:36:53,782] Search_Post - Step 05: Verify search table contain 'Automation Admin'
[INFO ] [2022-09-14 15:36:53,872]  -------------------------- PASSED -------------------------- 
[INFO ] [2022-09-14 15:36:53,872] Search_Post - Step 06: Open End User Site
[INFO ] [2022-09-14 15:36:55,724] Search_Post - Step 07: Verify Post info displayed at Home page
[INFO ] [2022-09-14 15:36:55,810]  -------------------------- PASSED -------------------------- 
[INFO ] [2022-09-14 15:36:55,888]  -------------------------- PASSED -------------------------- 
[INFO ] [2022-09-14 15:36:55,949]  -------------------------- PASSED -------------------------- 
[INFO ] [2022-09-14 15:36:56,019]  -------------------------- PASSED -------------------------- 
[INFO ] [2022-09-14 15:36:56,019] Search_Post - Step 08: Click to Post tittle
[INFO ] [2022-09-14 15:36:56,817] Search_Post - Step 09: Verify Post info displayed at Post detail page
[INFO ] [2022-09-14 15:36:56,892]  -------------------------- PASSED -------------------------- 
[INFO ] [2022-09-14 15:36:56,955]  -------------------------- PASSED -------------------------- 
[INFO ] [2022-09-14 15:36:57,030]  -------------------------- PASSED -------------------------- 
[INFO ] [2022-09-14 15:36:57,092]  -------------------------- PASSED -------------------------- 
[INFO ] [2022-09-14 15:36:57,100] Edit_Post - Step 01: Open Admin site
[INFO ] [2022-09-14 15:36:58,027] Edit_Post - Step 02: Click to 'Posts' menu link
[INFO ] [2022-09-14 15:36:59,049] Edit_Post - Step 03: Enter to search post textbox
[INFO ] [2022-09-14 15:36:59,207] Edit_Post - Step 04: Click to 'Search Posts' button
[INFO ] [2022-09-14 15:37:00,751] Edit_Post - Step 05: Click to Post title link and navigate to edit post page
[INFO ] [2022-09-14 15:37:02,688] Edit_Post - Step 06: Enter to post title
[INFO ] [2022-09-14 15:37:03,314] Edit_Post - Step 07: Enter to post body
[INFO ] [2022-09-14 15:37:04,980] Edit_Post - Step 08: Click to 'Update' button
[INFO ] [2022-09-14 15:37:05,526] Edit_Post - Step 09: Verify 'Post updated.' message is displayed
[INFO ] [2022-09-14 15:37:06,967]  -------------------------- PASSED -------------------------- 
[INFO ] [2022-09-14 15:37:06,968] Edit_Post - Step 10: Open 'Search Post' page
[INFO ] [2022-09-14 15:37:08,991] Edit_Post - Step 11: Enter to search post textbox
[INFO ] [2022-09-14 15:37:09,151] Edit_Post - Step 12: Click to 'Search Posts' button
[INFO ] [2022-09-14 15:37:10,940] Edit_Post - Step 13: Verify search table contain 'Edit Title4003'
[INFO ] [2022-09-14 15:37:41,117] OS name = windows 10
[INFO ] [2022-09-14 15:37:41,117] Driver instance name = firefoxdriver: firefox on windows (6c767a6e-fdc2-4225-83f3-fb1181862536)
<<<<<<< HEAD
[INFO ] [2022-09-17 22:09:17,829] Register - Step 1: Click to register link
[INFO ] [2022-09-17 22:09:21,974] Register - Step 3: Click to register button
[INFO ] [2022-09-17 22:09:23,209] Register - Step 4: Verify register success
[INFO ] [2022-09-17 22:09:23,260] Register - Step 5: Click to logout link
[INFO ] [2022-09-17 22:09:24,308] Login - Step 01: Click to login link
[INFO ] [2022-09-17 22:09:24,946] Login - Step 02: Input existing email and password
[INFO ] [2022-09-17 22:09:25,158] Login - Step 03: Click to login button
[INFO ] [2022-09-17 22:09:26,120] Login - Step 04: Verify login success
[INFO ] [2022-09-17 22:09:26,180]  -------------------------- PASSED -------------------------- 
[INFO ] [2022-09-17 22:09:26,190] MyAccount - Step 01: Click to My Account link
[INFO ] [2022-09-17 22:09:26,880] My account - Step 02: Verify Customer Info page is displayed
[INFO ] [2022-09-17 22:09:26,920]  -------------------------- PASSED -------------------------- 
[INFO ] [2022-09-17 22:09:26,920] My account - Step 03: Verify 'First Name' value is corrrectly
[INFO ] [2022-09-17 22:09:26,955] My account - Step 03: Verify 'Last Name' value is corrrectly
[INFO ] [2022-09-17 22:09:26,985] My account - Step 03: Verify 'Email' value is corrrectly
=======
[INFO ] [2022-09-15 10:23:17,985] Pre-condition - Step 01: Open browser and admin site
[INFO ] [2022-09-15 10:23:27,919] Pre-condition - Step 02: Enter to Username text box with value automationfc
[INFO ] [2022-09-15 10:23:28,192] Pre-condition - Step 03: Enter to Password text box with value automationfc
[INFO ] [2022-09-15 10:23:28,286] Pre-condition - Step 04: Click to Login button
[INFO ] [2022-09-15 10:23:31,963] Create_Post - Step 01: Click to 'Posts' menu link
[INFO ] [2022-09-15 10:23:33,835] Create_Post - Step 02: Get 'Search Posts' page Url
[INFO ] [2022-09-15 10:23:33,838] Create_Post - Step 03: Click to 'Add new' button
[INFO ] [2022-09-15 10:23:36,589] Create_Post - Step 3-2: Click to close button at popup
[INFO ] [2022-09-15 10:23:39,949] Create_Post - Step 04: Enter to post title
[INFO ] [2022-09-15 10:23:40,402] Create_Post - Step 05: Enter to post body
[INFO ] [2022-09-15 10:23:41,268] Create_Post - Step 06: Enter to post body
[INFO ] [2022-09-15 10:23:41,832] Create_Post - Step 07: Click to 'Publish' button
[INFO ] [2022-09-15 10:23:42,176] Create_Post - Step 08: Click to 'Pre-Publish' button
[INFO ] [2022-09-15 10:23:42,663] Create_Post - Step 09: Verify 'Post published.' message is displayed
[INFO ] [2022-09-15 10:23:43,688]  -------------------------- PASSED -------------------------- 
[INFO ] [2022-09-15 10:23:43,688] Search_Post - Step 01: Open 'Search Post' page
[INFO ] [2022-09-15 10:23:45,795] Search_Post - Step 01: Open 'Search Post' page
[INFO ] [2022-09-15 10:23:46,659] Search_Post - Step 02: Enter to search post textbox
[INFO ] [2022-09-15 10:23:46,803] Search_Post - Step 03: Click to 'Search Posts' button
[INFO ] [2022-09-15 10:23:48,294] Search_Post - Step 04: Verify search table contain 'Live Coding Title5324'
[INFO ] [2022-09-15 10:23:48,416]  -------------------------- PASSED -------------------------- 
[INFO ] [2022-09-15 10:23:48,416] Search_Post - Step 05: Verify search table contain 'Automation Admin'
[INFO ] [2022-09-15 10:23:48,501]  -------------------------- PASSED -------------------------- 
[INFO ] [2022-09-15 10:23:48,501] Search_Post - Step 06: Open End User Site
[INFO ] [2022-09-15 10:23:49,759] Search_Post - Step 07: Verify Post info displayed at Home page
[INFO ] [2022-09-15 10:23:49,828]  -------------------------- PASSED -------------------------- 
[INFO ] [2022-09-15 10:23:49,919]  -------------------------- PASSED -------------------------- 
[INFO ] [2022-09-15 10:23:49,984]  -------------------------- PASSED -------------------------- 
[INFO ] [2022-09-15 10:23:50,064]  -------------------------- PASSED -------------------------- 
[INFO ] [2022-09-15 10:23:50,064] Search_Post - Step 08: Click to Post tittle
[INFO ] [2022-09-15 10:23:50,819] Search_Post - Step 09: Verify Post info displayed at Post detail page
[INFO ] [2022-09-15 10:23:50,883]  -------------------------- PASSED -------------------------- 
[INFO ] [2022-09-15 10:23:50,952]  -------------------------- PASSED -------------------------- 
[INFO ] [2022-09-15 10:23:51,026]  -------------------------- PASSED -------------------------- 
[INFO ] [2022-09-15 10:23:51,093]  -------------------------- PASSED -------------------------- 
[INFO ] [2022-09-15 10:23:51,115] Edit_Post - Step 01: Open Admin site
[INFO ] [2022-09-15 10:23:52,055] Edit_Post - Step 02: Click to 'Posts' menu link
[INFO ] [2022-09-15 10:23:53,099] Edit_Post - Step 03: Enter to search post textbox
[INFO ] [2022-09-15 10:23:53,247] Edit_Post - Step 04: Click to 'Search Posts' button
[INFO ] [2022-09-15 10:23:54,618] Edit_Post - Step 05: Click to Post title link and navigate to edit post page
[INFO ] [2022-09-15 10:23:56,479] Edit_Post - Step 06: Enter to post title
[INFO ] [2022-09-15 10:23:57,032] Edit_Post - Step 07: Enter to post body
[INFO ] [2022-09-15 10:23:58,557] Edit_Post - Step 08: Click to 'Update' button
[INFO ] [2022-09-15 10:23:58,939] Edit_Post - Step 09: Verify 'Post updated.' message is displayed
[INFO ] [2022-09-15 10:24:00,829]  -------------------------- PASSED -------------------------- 
[INFO ] [2022-09-15 10:24:00,829] Edit_Post - Step 10: Open 'Search Post' page
[INFO ] [2022-09-15 10:24:02,859] Edit_Post - Step 11: Enter to search post textbox
[INFO ] [2022-09-15 10:24:03,033] Edit_Post - Step 12: Click to 'Search Posts' button
[INFO ] [2022-09-15 10:24:04,750] Edit_Post - Step 13: Verify search table contain 'Edit Title5324'
[INFO ] [2022-09-15 10:24:04,869]  -------------------------- PASSED -------------------------- 
[INFO ] [2022-09-15 10:24:04,869] Edit_Post - Step 14: Verify search table contain 'Automation Admin'
[INFO ] [2022-09-15 10:24:04,978]  -------------------------- PASSED -------------------------- 
[INFO ] [2022-09-15 10:24:04,978] Edit_Post - Step 15: Open End User Site
[INFO ] [2022-09-15 10:24:05,702] Edit_Post - Step 16: Verify Post info displayed at Home page
[INFO ] [2022-09-15 10:24:05,796]  -------------------------- PASSED -------------------------- 
[INFO ] [2022-09-15 10:24:05,861]  -------------------------- PASSED -------------------------- 
[INFO ] [2022-09-15 10:24:05,941]  -------------------------- PASSED -------------------------- 
[INFO ] [2022-09-15 10:24:06,031]  -------------------------- PASSED -------------------------- 
[INFO ] [2022-09-15 10:24:06,032] Edit_Post - Step 17: Click to Post tittle
[INFO ] [2022-09-15 10:24:06,885] Edit_Post - Step 18: Verify Post info displayed at Post detail page
[INFO ] [2022-09-15 10:24:06,962]  -------------------------- PASSED -------------------------- 
[INFO ] [2022-09-15 10:24:07,029]  -------------------------- PASSED -------------------------- 
[INFO ] [2022-09-15 10:24:07,122]  -------------------------- PASSED -------------------------- 
[INFO ] [2022-09-15 10:24:07,187]  -------------------------- PASSED -------------------------- 
[INFO ] [2022-09-15 10:24:07,197] Delete_Post - Step 01: Open Admin site
[INFO ] [2022-09-15 10:24:08,324] Delete_Post - Step 02: Click to 'Posts' menu link
[INFO ] [2022-09-15 10:24:09,580] Delete_Post - Step 03: Enter to search post textbox
[INFO ] [2022-09-15 10:24:09,742] Delete_Post - Step 04: Click to 'Search Posts' button
[INFO ] [2022-09-15 10:24:11,169] Delete_Post - Step 05: Select Post detail checkbox
[INFO ] [2022-09-15 10:24:11,481] Delete_Post - Step 06: Select 'Move to Trash' item in dropdown
[INFO ] [2022-09-15 10:24:11,812] Delete_Post - Step 07: Click to 'Apply' button
[INFO ] [2022-09-15 10:24:13,518] Delete_Post - Step 08: Verify '1 post moved to the Trash' message is displayed
[INFO ] [2022-09-15 10:24:13,647]  -------------------------- PASSED -------------------------- 
[INFO ] [2022-09-15 10:24:13,647] Delete_Post - Step 09: Enter to search post textbox
[INFO ] [2022-09-15 10:24:13,784] Delete_Post - Step 10: Click to 'Search Posts' button
[INFO ] [2022-09-15 10:24:15,409] Delete_Post - Step 11: Verify 'No posts found.' message is displayed
[INFO ] [2022-09-15 10:24:15,508]  -------------------------- PASSED -------------------------- 
[INFO ] [2022-09-15 10:24:15,508] Delete_Post - Step 12: Open End User Site
[INFO ] [2022-09-15 10:24:16,235] Delete_Post - Step 13: Verify Post title undisplayed at Home page
[INFO ] [2022-09-15 10:24:21,283]  -------------------------- PASSED -------------------------- 
[INFO ] [2022-09-15 10:24:21,283] Delete_Post - Step 14: Enter to search post textbox
[INFO ] [2022-09-15 10:24:21,400] Delete_Post - Step 15: Click to 'Search' button
[INFO ] [2022-09-15 10:24:22,267] Delete_Post - Step 16: Verify 'Nothing found' message is displayed
[INFO ] [2022-09-15 10:24:52,437] OS name = windows 10
[INFO ] [2022-09-15 10:24:52,438] Driver instance name = firefoxdriver: firefox on windows (ba699b98-b348-46cf-89a6-3022efbb5e8c)
[INFO ] [2022-09-18 10:03:48,505] Register - Step 1: Click to register link
[INFO ] [2022-09-18 10:03:51,772] Register - Step 3: Click to register button
[INFO ] [2022-09-18 10:03:52,586] Register - Step 4: Verify register success
[INFO ] [2022-09-18 10:03:52,633] Register - Step 5: Click to logout link
[INFO ] [2022-09-18 10:03:53,656] Login - Step 01: Click to login link
[INFO ] [2022-09-18 10:03:54,255] Login - Step 02: Input existing email and password
[INFO ] [2022-09-18 10:03:54,596] Login - Step 03: Click to login button
[INFO ] [2022-09-18 10:03:55,455] Login - Step 04: Verify login success
[INFO ] [2022-09-18 10:03:55,556]  -------------------------- PASSED -------------------------- 
[INFO ] [2022-09-18 10:03:55,565] MyAccount - Step 01: Click to My Account link
[INFO ] [2022-09-18 10:03:56,104] My account - Step 02: Verify Customer Info page is displayed
[INFO ] [2022-09-18 10:03:56,222]  -------------------------- PASSED -------------------------- 
[INFO ] [2022-09-18 10:03:56,222] My account - Step 03: Verify 'First Name' value is corrrectly
[INFO ] [2022-09-18 10:03:56,308] My account - Step 03: Verify 'Last Name' value is corrrectly
[INFO ] [2022-09-18 10:03:56,409] My account - Step 03: Verify 'Email' value is corrrectly
[INFO ] [2022-09-18 10:03:56,541] OS name = windows 10
[INFO ] [2022-09-18 10:03:56,541] Driver instance name = firefoxdriver: firefox on windows (b4558fae-ac12-4389-b995-94b06e3b50ac)
[INFO ] [2022-09-18 10:06:12,564] Register - Step 1: Click to register link
[INFO ] [2022-09-18 10:06:15,282] Register - Step 3: Click to register button
[INFO ] [2022-09-18 10:06:16,189] Register - Step 4: Verify register success
[INFO ] [2022-09-18 10:06:16,240] Register - Step 5: Click to logout link
[INFO ] [2022-09-18 10:06:17,216] Login - Step 01: Click to login link
[INFO ] [2022-09-18 10:06:17,820] Login - Step 02: Input existing email and password
[INFO ] [2022-09-18 10:06:18,103] Login - Step 03: Click to login button
[INFO ] [2022-09-18 10:06:18,917] Login - Step 04: Verify login success
[INFO ] [2022-09-18 10:06:19,009]  -------------------------- PASSED -------------------------- 
[INFO ] [2022-09-18 10:06:19,021] MyAccount - Step 01: Click to My Account link
[INFO ] [2022-09-18 10:06:19,635] My account - Step 02: Verify Customer Info page is displayed
[INFO ] [2022-09-18 10:06:19,736]  -------------------------- PASSED -------------------------- 
[INFO ] [2022-09-18 10:06:19,737] My account - Step 03: Verify 'First Name' value is corrrectly
[INFO ] [2022-09-18 10:06:19,803] My account - Step 03: Verify 'Last Name' value is corrrectly
[INFO ] [2022-09-18 10:06:19,868] My account - Step 03: Verify 'Email' value is corrrectly
[INFO ] [2022-09-18 10:06:19,976] OS name = windows 10
[INFO ] [2022-09-18 10:06:19,977] Driver instance name = firefoxdriver: firefox on windows (61ac59c1-cf15-4352-bc85-117051bb965f)
[INFO ] [2022-09-18 10:11:08,125] Register - Step 1: Click to register link
[INFO ] [2022-09-18 10:11:11,275] Register - Step 3: Click to register button
[INFO ] [2022-09-18 10:11:12,254] Register - Step 4: Verify register success
[INFO ] [2022-09-18 10:11:12,313] Register - Step 5: Click to logout link
[INFO ] [2022-09-18 10:11:13,250] Login - Step 01: Click to login link
[INFO ] [2022-09-18 10:11:13,862] Login - Step 02: Input existing email and password
[INFO ] [2022-09-18 10:11:14,365] Login - Step 03: Click to login button
[INFO ] [2022-09-18 10:11:15,279] Login - Step 04: Verify login success
[INFO ] [2022-09-18 10:11:15,406]  -------------------------- PASSED -------------------------- 
[INFO ] [2022-09-18 10:11:15,416] MyAccount - Step 01: Click to My Account link
[INFO ] [2022-09-18 10:11:16,047] My account - Step 02: Verify Customer Info page is displayed
[INFO ] [2022-09-18 10:11:16,122]  -------------------------- PASSED -------------------------- 
[INFO ] [2022-09-18 10:11:16,123] My account - Step 03: Verify 'First Name' value is corrrectly
[INFO ] [2022-09-18 10:11:16,193] My account - Step 03: Verify 'Last Name' value is corrrectly
[INFO ] [2022-09-18 10:11:16,277] My account - Step 03: Verify 'Email' value is corrrectly
[INFO ] [2022-09-18 10:11:16,364] OS name = windows 10
[INFO ] [2022-09-18 10:11:16,364] Driver instance name = chromedriver: chrome on windows (d137958677a96544b6977562c83fd662)
[INFO ] [2022-09-18 10:44:28,248] Register - Step 1: Click to register link
[INFO ] [2022-09-18 10:44:31,343] Register - Step 3: Click to register button
[INFO ] [2022-09-18 10:44:32,226] Register - Step 4: Verify register success
[INFO ] [2022-09-18 10:44:32,334] Register - Step 5: Click to logout link
[INFO ] [2022-09-18 10:44:33,284] Login - Step 01: Click to login link
[INFO ] [2022-09-18 10:44:33,866] Login - Step 02: Input existing email and password
[INFO ] [2022-09-18 10:44:34,157] Login - Step 03: Click to login button
[INFO ] [2022-09-18 10:44:34,968] Login - Step 04: Verify login success
[INFO ] [2022-09-18 10:44:35,061]  -------------------------- PASSED -------------------------- 
[INFO ] [2022-09-18 10:44:35,086] MyAccount - Step 01: Click to My Account link
[INFO ] [2022-09-18 10:44:35,629] My account - Step 02: Verify Customer Info page is displayed
[INFO ] [2022-09-18 10:44:35,694]  -------------------------- PASSED -------------------------- 
[INFO ] [2022-09-18 10:44:35,694] My account - Step 03: Verify 'First Name' value is corrrectly
[INFO ] [2022-09-18 10:44:35,753] My account - Step 03: Verify 'Last Name' value is corrrectly
[INFO ] [2022-09-18 10:44:35,816] My account - Step 03: Verify 'Email' value is corrrectly
[INFO ] [2022-09-18 10:44:35,900] OS name = windows 10
[INFO ] [2022-09-18 10:44:35,900] Driver instance name = chromedriver: chrome on windows (c0c750a2751100768edfc78f809558c2)
[INFO ] [2022-09-18 11:50:15,063] Register - Step 1: Click to register link
[INFO ] [2022-09-18 11:50:26,161] Register - Step 3: Click to register button
[INFO ] [2022-09-18 11:50:27,625] Register - Step 4: Verify register success
[INFO ] [2022-09-18 11:50:28,097] Register - Step 5: Click to logout link
[INFO ] [2022-09-18 11:50:29,702] Login - Step 01: Click to login link
[INFO ] [2022-09-18 11:50:30,971] Login - Step 02: Input existing email and password
[INFO ] [2022-09-18 11:50:33,076] Login - Step 03: Click to login button
[INFO ] [2022-09-18 11:50:34,830] Login - Step 04: Verify login success
[INFO ] [2022-09-18 11:50:35,315]  -------------------------- PASSED -------------------------- 
[INFO ] [2022-09-18 11:50:35,336] MyAccount - Step 01: Click to My Account link
[INFO ] [2022-09-18 11:50:36,596] My account - Step 02: Verify Customer Info page is displayed
[INFO ] [2022-09-18 11:50:37,128]  -------------------------- PASSED -------------------------- 
[INFO ] [2022-09-18 11:50:37,129] My account - Step 03: Verify 'First Name' value is corrrectly
[INFO ] [2022-09-18 11:50:37,518] My account - Step 03: Verify 'Last Name' value is corrrectly
[INFO ] [2022-09-18 11:50:37,940] My account - Step 03: Verify 'Email' value is corrrectly
[INFO ] [2022-09-18 11:50:38,477] OS name = windows 10
[INFO ] [2022-09-18 11:50:38,477] Driver instance name = internetexplorerdriver: internet explorer on windows (2321d301-0340-4bd3-8ee5-e5b46bff71c4)
[INFO ] [2022-09-18 11:50:43,729] OS name = windows 10
[INFO ] [2022-09-18 11:50:43,730] Driver instance name = internetexplorerdriver: internet explorer on windows (99e9245c-f5c4-44e7-9e89-4a9f9b1b9897)
[INFO ] [2022-09-18 11:50:47,806] java.net.ConnectException: Failed to connect to localhost/0:0:0:0:0:0:0:1:23020
Build info: version: '3.141.59', revision: 'e82be7d358', time: '2018-11-14T08:25:53'
System info: host: '7019NGUYENNT-DE', ip: '172.16.40.226', os.name: 'Windows 10', os.arch: 'amd64', os.version: '10.0', java.version: '11.0.11'
Driver info: driver.version: RemoteWebDriver
[INFO ] [2022-09-18 13:30:22,110] Register - Step 1: Click to register link
[INFO ] [2022-09-18 13:30:33,318] Register - Step 3: Click to register button
[INFO ] [2022-09-18 13:30:34,873] Register - Step 4: Verify register success
[INFO ] [2022-09-18 13:30:35,386] Register - Step 5: Click to logout link
[INFO ] [2022-09-18 13:30:37,049] Login - Step 01: Click to login link
[INFO ] [2022-09-18 13:30:38,370] Login - Step 02: Input existing email and password
[INFO ] [2022-09-18 13:30:40,572] Login - Step 03: Click to login button
[INFO ] [2022-09-18 13:30:42,130] Login - Step 04: Verify login success
[INFO ] [2022-09-18 13:30:42,665]  -------------------------- PASSED -------------------------- 
[INFO ] [2022-09-18 13:30:42,687] MyAccount - Step 01: Click to My Account link
[INFO ] [2022-09-18 13:30:43,989] My account - Step 02: Verify Customer Info page is displayed
[INFO ] [2022-09-18 13:30:44,415]  -------------------------- PASSED -------------------------- 
[INFO ] [2022-09-18 13:30:44,416] My account - Step 03: Verify 'First Name' value is corrrectly
[INFO ] [2022-09-18 13:30:44,819] My account - Step 03: Verify 'Last Name' value is corrrectly
[INFO ] [2022-09-18 13:30:45,209] My account - Step 03: Verify 'Email' value is corrrectly
[INFO ] [2022-09-18 13:35:22,238] Register - Step 1: Click to register link
[INFO ] [2022-09-18 13:35:33,209] Register - Step 3: Click to register button
[INFO ] [2022-09-18 13:35:34,546] Register - Step 4: Verify register success
[INFO ] [2022-09-18 13:35:34,981] Register - Step 5: Click to logout link
[INFO ] [2022-09-18 13:35:36,435] Login - Step 01: Click to login link
[INFO ] [2022-09-18 13:35:37,710] Login - Step 02: Input existing email and password
[INFO ] [2022-09-18 13:35:39,809] Login - Step 03: Click to login button
[INFO ] [2022-09-18 13:35:41,360] Login - Step 04: Verify login success
[INFO ] [2022-09-18 13:35:41,908]  -------------------------- PASSED -------------------------- 
[INFO ] [2022-09-18 13:35:41,930] MyAccount - Step 01: Click to My Account link
[INFO ] [2022-09-18 13:35:43,168] My account - Step 02: Verify Customer Info page is displayed
[INFO ] [2022-09-18 13:35:43,578]  -------------------------- PASSED -------------------------- 
[INFO ] [2022-09-18 13:35:43,579] My account - Step 03: Verify 'First Name' value is corrrectly
[INFO ] [2022-09-18 13:35:44,033] My account - Step 03: Verify 'Last Name' value is corrrectly
[INFO ] [2022-09-18 13:35:44,520] My account - Step 03: Verify 'Email' value is corrrectly
[INFO ] [2022-09-18 13:35:44,922] OS name = windows 10
[INFO ] [2022-09-18 13:35:44,922] Driver instance name = internetexplorerdriver: internet explorer on windows (23aaabe0-2298-4611-8982-8cfd497f0349)
>>>>>>> branch 'master' of https://github.com/ntn-123/hybrid-framework-nopcommerce
[INFO ] [2022-09-20 15:36:32,533] Register - Step 1: Click to register link
[INFO ] [2022-09-20 15:36:35,326] Register - Step 3: Click to register button
[INFO ] [2022-09-20 15:36:36,876] Register - Step 4: Verify register success
[INFO ] [2022-09-20 15:36:36,991] Register - Step 5: Click to logout link
[INFO ] [2022-09-20 15:36:38,022] Login - Step 01: Click to login link
[INFO ] [2022-09-20 15:36:38,716] Login - Step 02: Input existing email and password
[INFO ] [2022-09-20 15:36:39,133] Login - Step 03: Click to login button
[INFO ] [2022-09-20 15:36:39,984] Login - Step 04: Verify login success
[INFO ] [2022-09-20 15:36:40,084]  -------------------------- PASSED -------------------------- 
[INFO ] [2022-09-20 15:36:40,112] MyAccount - Step 01: Click to My Account link
[INFO ] [2022-09-20 15:36:40,766] My account - Step 02: Verify Customer Info page is displayed
[INFO ] [2022-09-20 15:36:40,847]  -------------------------- PASSED -------------------------- 
[INFO ] [2022-09-20 15:36:40,848] My account - Step 03: Verify 'First Name' value is corrrectly
[INFO ] [2022-09-20 15:36:40,944] My account - Step 03: Verify 'Last Name' value is corrrectly
[INFO ] [2022-09-20 15:36:41,023] My account - Step 03: Verify 'Email' value is corrrectly
[INFO ] [2022-09-20 21:27:28,814] Register - Step 1: Click to register link
[INFO ] [2022-09-20 21:27:32,077] Register - Step 3: Click to register button
[INFO ] [2022-09-20 21:27:33,318] Register - Step 4: Verify register success
[INFO ] [2022-09-20 21:27:33,366] Register - Step 5: Click to logout link
[INFO ] [2022-09-20 21:27:34,466] Login - Step 01: Click to login link
[INFO ] [2022-09-20 21:27:35,061] Login - Step 02: Input existing email and password
[INFO ] [2022-09-20 21:27:35,272] Login - Step 03: Click to login button
[INFO ] [2022-09-20 21:27:36,116] Login - Step 04: Verify login success
[INFO ] [2022-09-20 21:27:36,179]  -------------------------- PASSED -------------------------- 
[INFO ] [2022-09-20 21:27:36,190] MyAccount - Step 01: Click to My Account link
[INFO ] [2022-09-20 21:27:36,821] My account - Step 02: Verify Customer Info page is displayed
[INFO ] [2022-09-20 21:27:36,858]  -------------------------- PASSED -------------------------- 
[INFO ] [2022-09-20 21:27:36,858] My account - Step 03: Verify 'First Name' value is corrrectly
[INFO ] [2022-09-20 21:27:36,896] My account - Step 03: Verify 'Last Name' value is corrrectly
[INFO ] [2022-09-20 21:27:36,926] My account - Step 03: Verify 'Email' value is corrrectly
[INFO ] [2022-09-20 21:27:36,974] OS name = mac os x
[INFO ] [2022-09-20 21:27:36,975] Driver instance name = chromedriver: chrome on mac (d1fe169519e02a69a51135d45c56a1bf)
